<?xml version="1.0" encoding="UTF-8"?>
<!-- Generated by org.testng.reporters.JUnitReportReporter -->
<testsuite hostname="John-PC" name="com.qinjun.autotest.AppTest" tests="1" failures="0" timestamp="11 Jul 2018 16:09:23 GMT" time="0.011" errors="0">
  <testcase name="shouldAnswerWithTrue" time="0.011" classname="com.qinjun.autotest.AppTest"/>
</testsuite> <!-- com.qinjun.autotest.AppTest -->
